2019-08-04 17:08:42: Generating payment form for order #1.
2019-08-04 17:08:42: Data to be sent to payment gateway : Array
(
    [signature] => Sozy8ZXCjuz/9OrKT95Dols4U8cMO604igCCUGtqO2M=
    [vads_action_mode] => INTERACTIVE
    [vads_amount] => 4500
    [vads_available_languages] => 
    [vads_capture_delay] => 
    [vads_ctx_mode] => TEST
    [vads_currency] => 978
    [vads_cust_address] => adresse
    [vads_cust_city] => Bab Ezzouar
    [vads_cust_country] => DZ
    [vads_cust_email] => cmshb09@gmail.com
    [vads_cust_first_name] => test1
    [vads_cust_id] => 258
    [vads_cust_last_name] => test2
    [vads_cust_phone] => 088854756
    [vads_cust_state] => Algiers
    [vads_cust_zip] => 16000
    [vads_order_id] => 1
    [vads_page_action] => PAYMENT
    [vads_payment_cards] => 
    [vads_payment_config] => SINGLE
    [vads_return_mode] => POST
    [vads_site_id] => 85966156
    [vads_trans_date] => 20190804150842
    [vads_trans_id] => 617224
    [vads_url_return] => http://f540bc54.ngrok.io/monsite/test2/example/return_payment.php
    [vads_validation_mode] => 
    [vads_version] => V2
)

2019-08-04 17:08:49: IPN URL PROCESS END.
2019-08-04 17:08:52: RETURN URL PROCESS END.
2019-08-04 17:09:29: Generating payment form for order #1.
2019-08-04 17:09:29: Data to be sent to payment gateway : Array
(
    [signature] => 5SU7Aom921OhdAI9kWL7FSeFhd4zdVNJGKRfRoiMA3k=
    [vads_action_mode] => INTERACTIVE
    [vads_amount] => 4500
    [vads_available_languages] => 
    [vads_capture_delay] => 
    [vads_ctx_mode] => TEST
    [vads_currency] => 978
    [vads_cust_address] => adresse
    [vads_cust_city] => Bab Ezzouar
    [vads_cust_country] => DZ
    [vads_cust_email] => cmshb09@gmail.com
    [vads_cust_first_name] => test1
    [vads_cust_id] => 258
    [vads_cust_last_name] => test2
    [vads_cust_phone] => 088854756
    [vads_cust_state] => Algiers
    [vads_cust_zip] => 16000
    [vads_order_id] => 1
    [vads_page_action] => PAYMENT
    [vads_payment_cards] => 
    [vads_payment_config] => SINGLE
    [vads_return_mode] => POST
    [vads_site_id] => 85966156
    [vads_trans_date] => 20190804150929
    [vads_trans_id] => 617698
    [vads_url_return] => http://f540bc54.ngrok.io/monsite/test2/example/return_payment.php
    [vads_validation_mode] => 
    [vads_version] => V2
)

2019-08-04 17:09:39: IPN URL PROCESS END.
2019-08-04 17:09:42: RETURN URL PROCESS END.
2019-08-04 17:14:34: IPN URL PROCESS END.
2019-08-04 17:14:34: IPN URL PROCESS END.
2019-08-04 17:16:30: RETURN URL PROCESS END.
2019-08-04 17:20:13: Generating payment form for order #1.
2019-08-04 17:20:13: Data to be sent to payment gateway : Array
(
    [signature] => jS5uyUmtrJAuqtxwT/tE2S2VRh77PnQIFJRyOvakmsc=
    [vads_action_mode] => INTERACTIVE
    [vads_amount] => 4500
    [vads_available_languages] => 
    [vads_capture_delay] => 
    [vads_ctx_mode] => TEST
    [vads_currency] => 978
    [vads_cust_address] => adresse
    [vads_cust_city] => Bab Ezzouar
    [vads_cust_country] => DZ
    [vads_cust_email] => cmshb09@gmail.com
    [vads_cust_first_name] => test1
    [vads_cust_id] => 258
    [vads_cust_last_name] => test2
    [vads_cust_phone] => 088854756
    [vads_cust_state] => Algiers
    [vads_cust_zip] => 16000
    [vads_order_id] => 1
    [vads_page_action] => PAYMENT
    [vads_payment_cards] => 
    [vads_payment_config] => SINGLE
    [vads_return_mode] => POST
    [vads_site_id] => 85966156
    [vads_trans_date] => 20190804152013
    [vads_trans_id] => 624137
    [vads_url_return] => http://f540bc54.ngrok.io/monsite/test2/example/return_payment.php
    [vads_validation_mode] => 
    [vads_version] => V2
)

2019-08-04 17:20:22: RETURN URL PROCESS END.
2019-08-04 17:34:01: Generating payment form for order #1.
2019-08-04 17:34:01: Data to be sent to payment gateway : Array
(
    [signature] => 1oUEgyrMW9RYhp5mQ5utvXpTs1QxUv/t+pyZdrvgWrg=
    [vads_action_mode] => INTERACTIVE
    [vads_amount] => 4500
    [vads_available_languages] => 
    [vads_capture_delay] => 
    [vads_ctx_mode] => TEST
    [vads_currency] => 978
    [vads_cust_address] => adresse
    [vads_cust_city] => Bab Ezzouar
    [vads_cust_country] => DZ
    [vads_cust_email] => cmshb09@gmail.com
    [vads_cust_first_name] => test1
    [vads_cust_id] => 258
    [vads_cust_last_name] => test2
    [vads_cust_phone] => 088854756
    [vads_cust_state] => Algiers
    [vads_cust_zip] => 16000
    [vads_order_id] => 1
    [vads_page_action] => PAYMENT
    [vads_payment_cards] => 
    [vads_payment_config] => SINGLE
    [vads_return_mode] => POST
    [vads_site_id] => 85966156
    [vads_trans_date] => 20190804153401
    [vads_trans_id] => 632418
    [vads_url_return] => http://f540bc54.ngrok.io/monsite/test2/example/return_payment.php
    [vads_validation_mode] => 
    [vads_version] => V2
)

2019-08-04 17:34:14: IPN URL PROCESS END.
2019-08-04 17:34:18: RETURN URL PROCESS END.
2019-08-04 18:22:11: Action successfully completed (00). Approved or successfully processed transaction (00). The payment is guaranteed (YES).
2019-08-04 18:22:11: IPN URL PROCESS END.
2019-08-05 09:38:07: Generating payment form for order #.
2019-08-05 09:38:07: IFRAME MODE
2019-08-05 09:38:07: Data to be sent to payment gateway : Array
(
    [signature] => al0Ckot3rSoasFjCdZGqO68zuDgIpm+JvxUsjonOJ40=
    [vads_action_mode] => IFRAME
    [vads_available_languages] => 
    [vads_capture_delay] => 
    [vads_ctx_mode] => TEST
    [vads_page_action] => PAYMENT
    [vads_payment_cards] => 
    [vads_payment_config] => SINGLE
    [vads_return_mode] => POST
    [vads_site_id] => 85966156
    [vads_theme_config] => 3DS_LOGOS=false
    [vads_trans_date] => 20190805073807
    [vads_trans_id] => 346871
    [vads_validation_mode] => 
    [vads_version] => V2
)

2019-08-05 09:54:09: Action successfully completed (00). Approved or successfully processed transaction (00). The payment is guaranteed (YES).
2019-08-05 09:54:09: IPN URL PROCESS END.
2019-08-05 10:29:55: Technical issue (96).  Payment guarantee not applicable.
2019-08-05 10:29:55: IPN URL PROCESS END.
2019-08-05 10:30:15: Action successfully completed (00). Approved or successfully processed transaction (00). The payment is guaranteed (YES).
2019-08-05 10:30:15: IPN URL PROCESS END.
2019-08-05 10:47:31: Generating payment form for order #1.
2019-08-05 11:04:45: Generating payment form for order #1.
2019-08-05 11:04:46: Generating payment form for order #1.
2019-08-05 11:08:17: Generating payment form for order #.
2019-08-05 11:08:17: IFRAME MODE
2019-08-05 11:08:17: Data to be sent to payment gateway : Array
(
    [signature] => R/faGCk65wzO02e4ZeaxcUthvCbH9KpVoOhUMtZIWME=
    [vads_action_mode] => IFRAME
    [vads_available_languages] => 
    [vads_capture_delay] => 
    [vads_ctx_mode] => TEST
    [vads_page_action] => PAYMENT
    [vads_payment_cards] => 
    [vads_payment_config] => SINGLE
    [vads_return_mode] => POST
    [vads_site_id] => 85966156
    [vads_theme_config] => 3DS_LOGOS=false
    [vads_trans_date] => 20190805090817
    [vads_trans_id] => 400974
    [vads_validation_mode] => 
    [vads_version] => V2
)

2019-08-05 11:08:17: Generating payment form for order #1.
2019-08-05 11:14:26: Action successfully completed (00). Approved or successfully processed transaction (00). The payment is guaranteed (YES).
2019-08-05 11:14:26: IPN URL PROCESS END.
2019-08-05 11:22:52: Generating payment form for order #1.
2019-08-05 11:22:52: Data to be sent to payment gateway : Array
(
    [signature] => bIOW+XqCNdEDkJMpg5+IiUWQp4znF1nXxX363NrgFms=
    [vads_action_mode] => IFRAME
    [vads_amount] => 4500
    [vads_available_languages] => 
    [vads_capture_delay] => 
    [vads_ctx_mode] => TEST
    [vads_currency] => 978
    [vads_cust_address] => adresse
    [vads_cust_city] => Bab Ezzouar
    [vads_cust_country] => DZ
    [vads_cust_email] => cmshb09@gmail.com
    [vads_cust_first_name] => test1
    [vads_cust_id] => 258
    [vads_cust_last_name] => test2
    [vads_cust_phone] => 088854756
    [vads_cust_state] => Algiers
    [vads_cust_zip] => 16000
    [vads_order_id] => 1
    [vads_page_action] => PAYMENT
    [vads_payment_cards] => 
    [vads_payment_config] => SINGLE
    [vads_redirect_error_message] => 
    [vads_redirect_error_timeout] => 0
    [vads_redirect_success_message] => 
    [vads_redirect_success_timeout] => 0
    [vads_return_mode] => POST
    [vads_site_id] => 85966156
    [vads_theme_config] => 3DS_LOGOS=false;
    [vads_trans_date] => 20190805092252
    [vads_trans_id] => 409723
    [vads_url_return] => http://f540bc54.ngrok.io/monsite/test2/example/return_payment.php?content_only=1
    [vads_validation_mode] => 
    [vads_version] => V2
)

2019-08-05 11:23:08: Generating payment form for order #.
2019-08-05 11:23:08: IFRAME MODE
2019-08-05 11:23:08: Generating payment form for order #1.
2019-08-05 11:23:08: Data to be sent to payment gateway : Array
(
    [signature] => acobG16CQrUbaEl/NM6UTiT2CCB+vGujhwYiys4beMQ=
    [vads_action_mode] => IFRAME
    [vads_available_languages] => 
    [vads_capture_delay] => 
    [vads_ctx_mode] => TEST
    [vads_page_action] => PAYMENT
    [vads_payment_cards] => 
    [vads_payment_config] => SINGLE
    [vads_return_mode] => POST
    [vads_site_id] => 85966156
    [vads_theme_config] => 3DS_LOGOS=false
    [vads_trans_date] => 20190805092308
    [vads_trans_id] => 409885
    [vads_validation_mode] => 
    [vads_version] => V2
)

2019-08-05 11:23:08: Data to be sent to payment gateway : Array
(
    [signature] => f7DA9MAP+LC3L6uoMCOilqaPk5Ge1k0X8rLSuxwS39g=
    [vads_action_mode] => IFRAME
    [vads_amount] => 4500
    [vads_available_languages] => 
    [vads_capture_delay] => 
    [vads_ctx_mode] => TEST
    [vads_currency] => 978
    [vads_cust_address] => adresse
    [vads_cust_city] => Bab Ezzouar
    [vads_cust_country] => DZ
    [vads_cust_email] => cmshb09@gmail.com
    [vads_cust_first_name] => test1
    [vads_cust_id] => 258
    [vads_cust_last_name] => test2
    [vads_cust_phone] => 088854756
    [vads_cust_state] => Algiers
    [vads_cust_zip] => 16000
    [vads_order_id] => 1
    [vads_page_action] => PAYMENT
    [vads_payment_cards] => 
    [vads_payment_config] => SINGLE
    [vads_redirect_error_message] => 
    [vads_redirect_error_timeout] => 0
    [vads_redirect_success_message] => 
    [vads_redirect_success_timeout] => 0
    [vads_return_mode] => POST
    [vads_site_id] => 85966156
    [vads_theme_config] => 3DS_LOGOS=false;
    [vads_trans_date] => 20190805092308
    [vads_trans_id] => 409886
    [vads_url_return] => http://f540bc54.ngrok.io/monsite/test2/example/return_payment.php?content_only=1
    [vads_validation_mode] => 
    [vads_version] => V2
)

2019-08-05 11:23:27: Action successfully completed (00). Approved or successfully processed transaction (00). The payment is guaranteed (YES).
2019-08-05 11:23:27: IPN URL PROCESS END.
2019-08-05 11:23:28: Action successfully completed (00). Approved or successfully processed transaction (00). The payment is guaranteed (YES).
2019-08-05 11:23:28: RETURN URL PROCESS END.
2019-08-05 11:26:56: Action successfully completed (00). Approved or successfully processed transaction (00). The payment is guaranteed (YES).
2019-08-05 11:26:56: IPN URL PROCESS END.
2019-08-05 15:39:01: Generating payment form for order #1.
2019-08-05 15:39:01: Data to be sent to payment gateway : Array
(
    [signature] => hG7YPKmeqs/d1zDvFwSq3VT1NmC8MbX/bSzBbCWIt9s=
    [vads_action_mode] => IFRAME
    [vads_amount] => 4500
    [vads_available_languages] => 
    [vads_capture_delay] => 
    [vads_ctx_mode] => TEST
    [vads_currency] => 978
    [vads_cust_address] => adresse
    [vads_cust_city] => Bab Ezzouar
    [vads_cust_country] => DZ
    [vads_cust_email] => cmshb09@gmail.com
    [vads_cust_first_name] => test1
    [vads_cust_id] => 258
    [vads_cust_last_name] => test2
    [vads_cust_phone] => 088854756
    [vads_cust_state] => Algiers
    [vads_cust_zip] => 16000
    [vads_order_id] => 1
    [vads_page_action] => PAYMENT
    [vads_payment_cards] => 
    [vads_payment_config] => SINGLE
    [vads_redirect_error_message] => 
    [vads_redirect_error_timeout] => 0
    [vads_redirect_success_message] => 
    [vads_redirect_success_timeout] => 0
    [vads_return_mode] => POST
    [vads_site_id] => 85966156
    [vads_theme_config] => 3DS_LOGOS=false;
    [vads_trans_date] => 20190805133901
    [vads_trans_id] => 563419
    [vads_url_return] => http://f540bc54.ngrok.io/monsite/test2/example/return_payment.php?content_only=1
    [vads_validation_mode] => 
    [vads_version] => V2
)

2019-08-05 15:40:21: Generating payment form for order #1.
2019-08-05 15:40:21: Data to be sent to payment gateway : Array
(
    [signature] => dVbdCOP8oWrzJnLCrq1L0ZsIY8UiwbG3YLEv+hBdyqk=
    [vads_action_mode] => IFRAME
    [vads_amount] => 4500
    [vads_available_languages] => 
    [vads_capture_delay] => 
    [vads_ctx_mode] => TEST
    [vads_currency] => 978
    [vads_cust_address] => adresse
    [vads_cust_city] => Bab Ezzouar
    [vads_cust_country] => DZ
    [vads_cust_email] => cmshb09@gmail.com
    [vads_cust_first_name] => test1
    [vads_cust_id] => 258
    [vads_cust_last_name] => test2
    [vads_cust_phone] => 088854756
    [vads_cust_state] => Algiers
    [vads_cust_zip] => 16000
    [vads_order_id] => 1
    [vads_page_action] => PAYMENT
    [vads_payment_cards] => 
    [vads_payment_config] => SINGLE
    [vads_redirect_error_message] => 
    [vads_redirect_error_timeout] => 0
    [vads_redirect_success_message] => 
    [vads_redirect_success_timeout] => 0
    [vads_return_mode] => POST
    [vads_site_id] => 85966156
    [vads_theme_config] => 3DS_LOGOS=false;
    [vads_trans_date] => 20190805134021
    [vads_trans_id] => 564214
    [vads_url_return] => http://f540bc54.ngrok.io/monsite/test2/example/return_payment.php?content_only=1
    [vads_validation_mode] => 
    [vads_version] => V2
)

2019-08-05 15:41:19: Generating payment form for order #1.
2019-08-05 15:41:19: Data to be sent to payment gateway : Array
(
    [signature] => bsDBpejbJAguVTwfZDAHHH7EC6lG9xs3m+mPUhJ3kg8=
    [vads_action_mode] => IFRAME
    [vads_amount] => 4500
    [vads_available_languages] => 
    [vads_capture_delay] => 
    [vads_ctx_mode] => TEST
    [vads_currency] => 978
    [vads_cust_address] => adresse
    [vads_cust_city] => Bab Ezzouar
    [vads_cust_country] => DZ
    [vads_cust_email] => cmshb09@gmail.com
    [vads_cust_first_name] => test1
    [vads_cust_id] => 258
    [vads_cust_last_name] => test2
    [vads_cust_phone] => 088854756
    [vads_cust_state] => Algiers
    [vads_cust_zip] => 16000
    [vads_order_id] => 1
    [vads_page_action] => PAYMENT
    [vads_payment_cards] => 
    [vads_payment_config] => SINGLE
    [vads_redirect_error_message] => 
    [vads_redirect_error_timeout] => 0
    [vads_redirect_success_message] => 
    [vads_redirect_success_timeout] => 0
    [vads_return_mode] => POST
    [vads_site_id] => 85966156
    [vads_theme_config] => 3DS_LOGOS=false;
    [vads_trans_date] => 20190805134119
    [vads_trans_id] => 564799
    [vads_url_return] => http://f540bc54.ngrok.io/monsite/test2/example/return_payment.php?content_only=1
    [vads_validation_mode] => 
    [vads_version] => V2
)

2019-08-05 15:58:34: Generating payment form for order #1.
2019-08-05 15:58:34: Data to be sent to payment gateway : Array
(
    [signature] => zFB0/I66tGxoOdaU3v0nwW7u7SZNPmntY8k/QjK8dS0=
    [vads_action_mode] => INTERACTIVE
    [vads_amount] => 4500
    [vads_available_languages] => 
    [vads_capture_delay] => 
    [vads_ctx_mode] => TEST
    [vads_currency] => 978
    [vads_cust_address] => adresse
    [vads_cust_city] => Bab Ezzouar
    [vads_cust_country] => DZ
    [vads_cust_email] => cmshb09@gmail.com
    [vads_cust_first_name] => test1
    [vads_cust_id] => 258
    [vads_cust_last_name] => test2
    [vads_cust_phone] => 088854756
    [vads_cust_state] => Algiers
    [vads_cust_zip] => 16000
    [vads_order_id] => 1
    [vads_page_action] => PAYMENT
    [vads_payment_cards] => 
    [vads_payment_config] => SINGLE
    [vads_redirect_error_message] => 
    [vads_redirect_error_timeout] => 0
    [vads_redirect_success_message] => 
    [vads_redirect_success_timeout] => 0
    [vads_return_mode] => POST
    [vads_site_id] => 85966156
    [vads_theme_config] => 3DS_LOGOS=false;
    [vads_trans_date] => 20190805135834
    [vads_trans_id] => 575144
    [vads_url_return] => http://f540bc54.ngrok.io/monsite/test2/example/return_payment.php?content_only=1
    [vads_validation_mode] => 
    [vads_version] => V2
)

2019-08-05 15:59:07: Generating payment form for order #1.
2019-08-05 15:59:07: Data to be sent to payment gateway : Array
(
    [signature] => TZMobfmlekh/wzDRaiDWtXK8GEizoHcR45im0RPosWg=
    [vads_action_mode] => INTERACTIVE
    [vads_amount] => 4500
    [vads_available_languages] => 
    [vads_capture_delay] => 
    [vads_ctx_mode] => TEST
    [vads_currency] => 978
    [vads_cust_address] => adresse
    [vads_cust_city] => Bab Ezzouar
    [vads_cust_country] => DZ
    [vads_cust_email] => cmshb09@gmail.com
    [vads_cust_first_name] => test1
    [vads_cust_id] => 258
    [vads_cust_last_name] => test2
    [vads_cust_phone] => 088854756
    [vads_cust_state] => Algiers
    [vads_cust_zip] => 16000
    [vads_order_id] => 1
    [vads_page_action] => PAYMENT
    [vads_payment_cards] => 
    [vads_payment_config] => SINGLE
    [vads_redirect_error_message] => 
    [vads_redirect_error_timeout] => 0
    [vads_redirect_success_message] => 
    [vads_redirect_success_timeout] => 0
    [vads_return_mode] => POST
    [vads_site_id] => 85966156
    [vads_theme_config] => 3DS_LOGOS=false;
    [vads_trans_date] => 20190805135907
    [vads_trans_id] => 575478
    [vads_url_return] => http://f540bc54.ngrok.io/monsite/test2/example/return_payment.php?content_only=1
    [vads_validation_mode] => 
    [vads_version] => V2
)

2019-08-05 15:59:08: Generating payment form for order #1.
2019-08-05 15:59:08: Data to be sent to payment gateway : Array
(
    [signature] => WrhOZooWVWbItqWaUyVrfn1JkHWnnB1VFYOaX2uA/GE=
    [vads_action_mode] => INTERACTIVE
    [vads_amount] => 4500
    [vads_available_languages] => 
    [vads_capture_delay] => 
    [vads_ctx_mode] => TEST
    [vads_currency] => 978
    [vads_cust_address] => adresse
    [vads_cust_city] => Bab Ezzouar
    [vads_cust_country] => DZ
    [vads_cust_email] => cmshb09@gmail.com
    [vads_cust_first_name] => test1
    [vads_cust_id] => 258
    [vads_cust_last_name] => test2
    [vads_cust_phone] => 088854756
    [vads_cust_state] => Algiers
    [vads_cust_zip] => 16000
    [vads_order_id] => 1
    [vads_page_action] => PAYMENT
    [vads_payment_cards] => 
    [vads_payment_config] => SINGLE
    [vads_redirect_error_message] => 
    [vads_redirect_error_timeout] => 0
    [vads_redirect_success_message] => 
    [vads_redirect_success_timeout] => 0
    [vads_return_mode] => POST
    [vads_site_id] => 85966156
    [vads_theme_config] => 3DS_LOGOS=false;
    [vads_trans_date] => 20190805135908
    [vads_trans_id] => 575487
    [vads_url_return] => http://f540bc54.ngrok.io/monsite/test2/example/return_payment.php?content_only=1
    [vads_validation_mode] => 
    [vads_version] => V2
)

2019-08-05 15:59:08: Generating payment form for order #1.
2019-08-05 15:59:08: Data to be sent to payment gateway : Array
(
    [signature] => 7oseZUktGaLI/GMkTukjovFHCtYcY7zXP3MeQTkv9uk=
    [vads_action_mode] => INTERACTIVE
    [vads_amount] => 4500
    [vads_available_languages] => 
    [vads_capture_delay] => 
    [vads_ctx_mode] => TEST
    [vads_currency] => 978
    [vads_cust_address] => adresse
    [vads_cust_city] => Bab Ezzouar
    [vads_cust_country] => DZ
    [vads_cust_email] => cmshb09@gmail.com
    [vads_cust_first_name] => test1
    [vads_cust_id] => 258
    [vads_cust_last_name] => test2
    [vads_cust_phone] => 088854756
    [vads_cust_state] => Algiers
    [vads_cust_zip] => 16000
    [vads_order_id] => 1
    [vads_page_action] => PAYMENT
    [vads_payment_cards] => 
    [vads_payment_config] => SINGLE
    [vads_redirect_error_message] => 
    [vads_redirect_error_timeout] => 0
    [vads_redirect_success_message] => 
    [vads_redirect_success_timeout] => 0
    [vads_return_mode] => POST
    [vads_site_id] => 85966156
    [vads_theme_config] => 3DS_LOGOS=false;
    [vads_trans_date] => 20190805135908
    [vads_trans_id] => 575489
    [vads_url_return] => http://f540bc54.ngrok.io/monsite/test2/example/return_payment.php?content_only=1
    [vads_validation_mode] => 
    [vads_version] => V2
)

2019-08-05 15:59:15: Generating payment form for order #1.
2019-08-05 15:59:15: Data to be sent to payment gateway : Array
(
    [signature] => OBh8E0rCybQIHzvNamaDJNUBzpCxOh5IOhVcDR5wyOI=
    [vads_action_mode] => INTERACTIVE
    [vads_amount] => 4500
    [vads_available_languages] => 
    [vads_capture_delay] => 
    [vads_ctx_mode] => TEST
    [vads_currency] => 978
    [vads_cust_address] => adresse
    [vads_cust_city] => Bab Ezzouar
    [vads_cust_country] => DZ
    [vads_cust_email] => cmshb09@gmail.com
    [vads_cust_first_name] => test1
    [vads_cust_id] => 258
    [vads_cust_last_name] => test2
    [vads_cust_phone] => 088854756
    [vads_cust_state] => Algiers
    [vads_cust_zip] => 16000
    [vads_order_id] => 1
    [vads_page_action] => PAYMENT
    [vads_payment_cards] => 
    [vads_payment_config] => SINGLE
    [vads_redirect_error_message] => 
    [vads_redirect_error_timeout] => 0
    [vads_redirect_success_message] => 
    [vads_redirect_success_timeout] => 0
    [vads_return_mode] => POST
    [vads_site_id] => 85966156
    [vads_theme_config] => 3DS_LOGOS=false;
    [vads_trans_date] => 20190805135915
    [vads_trans_id] => 575554
    [vads_url_return] => http://f540bc54.ngrok.io/monsite/test2/example/return_payment.php?content_only=1
    [vads_validation_mode] => 
    [vads_version] => V2
)

2019-08-05 15:59:55: Generating payment form for order #1.
2019-08-05 15:59:55: Data to be sent to payment gateway : Array
(
    [signature] => ctugDNP0PgzctGr3H2geN1JQqaki4WJPL3V2WcXnKDs=
    [vads_action_mode] => INTERACTIVE
    [vads_amount] => 4500
    [vads_available_languages] => 
    [vads_capture_delay] => 
    [vads_ctx_mode] => TEST
    [vads_currency] => 978
    [vads_cust_address] => adresse
    [vads_cust_city] => Bab Ezzouar
    [vads_cust_country] => DZ
    [vads_cust_email] => cmshb09@gmail.com
    [vads_cust_first_name] => test1
    [vads_cust_id] => 258
    [vads_cust_last_name] => test2
    [vads_cust_phone] => 088854756
    [vads_cust_state] => Algiers
    [vads_cust_zip] => 16000
    [vads_order_id] => 1
    [vads_page_action] => PAYMENT
    [vads_payment_cards] => 
    [vads_payment_config] => SINGLE
    [vads_redirect_error_message] => 
    [vads_redirect_error_timeout] => 0
    [vads_redirect_success_message] => 
    [vads_redirect_success_timeout] => 0
    [vads_return_mode] => POST
    [vads_site_id] => 85966156
    [vads_theme_config] => 3DS_LOGOS=false;
    [vads_trans_date] => 20190805135955
    [vads_trans_id] => 575955
    [vads_url_return] => http://f540bc54.ngrok.io/monsite/test2/example/return_payment.php?content_only=1
    [vads_validation_mode] => 
    [vads_version] => V2
)

2019-08-05 16:01:05: Action canceled (17).  Payment guarantee not applicable.
2019-08-05 16:01:05: RETURN URL PROCESS END.
2019-08-05 16:02:03: Generating payment form for order #1.
2019-08-05 16:02:03: Data to be sent to payment gateway : Array
(
    [signature] => lmVzOyJBA+hIgK8QTZCiZDFmLluqckQmfNIV7pho8QI=
    [vads_action_mode] => INTERACTIVE
    [vads_amount] => 4500
    [vads_available_languages] => 
    [vads_capture_delay] => 
    [vads_ctx_mode] => TEST
    [vads_currency] => 978
    [vads_cust_address] => adresse
    [vads_cust_city] => Bab Ezzouar
    [vads_cust_country] => DZ
    [vads_cust_email] => cmshb09@gmail.com
    [vads_cust_first_name] => test1
    [vads_cust_id] => 258
    [vads_cust_last_name] => test2
    [vads_cust_phone] => 088854756
    [vads_cust_state] => Algiers
    [vads_cust_zip] => 16000
    [vads_order_id] => 1
    [vads_page_action] => PAYMENT
    [vads_payment_cards] => 
    [vads_payment_config] => SINGLE
    [vads_redirect_error_message] => 
    [vads_redirect_error_timeout] => 0
    [vads_redirect_success_message] => 
    [vads_redirect_success_timeout] => 0
    [vads_return_mode] => POST
    [vads_site_id] => 85966156
    [vads_theme_config] => 3DS_LOGOS=false;
    [vads_trans_date] => 20190805140203
    [vads_trans_id] => 577239
    [vads_url_return] => http://f540bc54.ngrok.io/monsite/test2/example/return_payment.php?content_only=1
    [vads_validation_mode] => 
    [vads_version] => V2
)

2019-08-05 16:02:41: Generating payment form for order #1.
2019-08-05 16:02:41: Data to be sent to payment gateway : Array
(
    [signature] => krQBS/5WnqBBD/w/ZEwMVzTYhcCnXE9lq9GiX8NuNuM=
    [vads_action_mode] => INTERACTIVE
    [vads_amount] => 4500
    [vads_available_languages] => 
    [vads_capture_delay] => 
    [vads_ctx_mode] => TEST
    [vads_currency] => 978
    [vads_cust_address] => adresse
    [vads_cust_city] => Bab Ezzouar
    [vads_cust_country] => DZ
    [vads_cust_email] => cmshb09@gmail.com
    [vads_cust_first_name] => test1
    [vads_cust_id] => 258
    [vads_cust_last_name] => test2
    [vads_cust_phone] => 088854756
    [vads_cust_state] => Algiers
    [vads_cust_zip] => 16000
    [vads_order_id] => 1
    [vads_page_action] => PAYMENT
    [vads_payment_cards] => 
    [vads_payment_config] => SINGLE
    [vads_return_mode] => POST
    [vads_site_id] => 85966156
    [vads_trans_date] => 20190805140241
    [vads_trans_id] => 577610
    [vads_url_return] => http://f540bc54.ngrok.io/monsite/test2/example/return_payment.php
    [vads_validation_mode] => 
    [vads_version] => V2
)

2019-08-05 16:06:35: Generating payment form for order #1.
2019-08-05 16:06:35: Data to be sent to payment gateway : Array
(
    [signature] => s2PiJJurwRkKFPvyNuVNXGt0yvM5nZ+xS92H33PFITQ=
    [vads_action_mode] => INTERACTIVE
    [vads_amount] => 4500
    [vads_available_languages] => 
    [vads_capture_delay] => 
    [vads_ctx_mode] => TEST
    [vads_currency] => 978
    [vads_cust_address] => adresse
    [vads_cust_city] => Bab Ezzouar
    [vads_cust_country] => DZ
    [vads_cust_email] => cmshb09@gmail.com
    [vads_cust_first_name] => test1
    [vads_cust_id] => 258
    [vads_cust_last_name] => test2
    [vads_cust_phone] => 088854756
    [vads_cust_state] => Algiers
    [vads_cust_zip] => 16000
    [vads_order_id] => 1
    [vads_page_action] => PAYMENT
    [vads_payment_cards] => 
    [vads_payment_config] => SINGLE
    [vads_return_mode] => POST
    [vads_site_id] => 85966156
    [vads_trans_date] => 20190805140635
    [vads_trans_id] => 579958
    [vads_url_return] => http://f540bc54.ngrok.io/monsite/test2/example/return_payment.php
    [vads_validation_mode] => 
    [vads_version] => V2
)

2019-08-05 16:06:52: Generating payment form for order #1.
2019-08-05 16:06:52: Data to be sent to payment gateway : Array
(
    [signature] => GHMN1R6HN52fJv5/QNnxFhQFs0D+Lw8E/sOSHT2RRBo=
    [vads_action_mode] => INTERACTIVE
    [vads_amount] => 4500
    [vads_available_languages] => 
    [vads_capture_delay] => 
    [vads_ctx_mode] => TEST
    [vads_currency] => 978
    [vads_cust_address] => adresse
    [vads_cust_city] => Bab Ezzouar
    [vads_cust_country] => DZ
    [vads_cust_email] => cmshb09@gmail.com
    [vads_cust_first_name] => test1
    [vads_cust_id] => 258
    [vads_cust_last_name] => test2
    [vads_cust_phone] => 088854756
    [vads_cust_state] => Algiers
    [vads_cust_zip] => 16000
    [vads_order_id] => 1
    [vads_page_action] => PAYMENT
    [vads_payment_cards] => 
    [vads_payment_config] => SINGLE
    [vads_return_mode] => POST
    [vads_site_id] => 85966156
    [vads_trans_date] => 20190805140652
    [vads_trans_id] => 580121
    [vads_url_return] => http://f540bc54.ngrok.io/monsite/test2/example/return_payment.php
    [vads_validation_mode] => 
    [vads_version] => V2
)

2019-08-05 16:09:17: Generating payment form for order #1.
2019-08-05 16:09:17: Data to be sent to payment gateway : Array
(
    [signature] => zpHiGPXUyu+HhvR6mPp89rWgqQwduoAH58HgABSy48I=
    [vads_action_mode] => INTERACTIVE
    [vads_amount] => 4500
    [vads_available_languages] => 
    [vads_capture_delay] => 
    [vads_ctx_mode] => TEST
    [vads_currency] => 978
    [vads_cust_address] => adresse
    [vads_cust_city] => Bab Ezzouar
    [vads_cust_country] => DZ
    [vads_cust_email] => cmshb09@gmail.com
    [vads_cust_first_name] => test1
    [vads_cust_id] => 258
    [vads_cust_last_name] => test2
    [vads_cust_phone] => 088854756
    [vads_cust_state] => Algiers
    [vads_cust_zip] => 16000
    [vads_order_id] => 1
    [vads_page_action] => PAYMENT
    [vads_payment_cards] => 
    [vads_payment_config] => SINGLE
    [vads_return_mode] => POST
    [vads_site_id] => 85966156
    [vads_trans_date] => 20190805140917
    [vads_trans_id] => 581576
    [vads_url_return] => http://f540bc54.ngrok.io/monsite/test2/example/return_payment.php
    [vads_validation_mode] => 
    [vads_version] => V2
)

2019-08-05 16:09:30: Action canceled (17).  Payment guarantee not applicable.
2019-08-05 16:09:30: RETURN URL PROCESS END.
2019-08-05 16:09:44: Generating payment form for order #1.
2019-08-05 16:09:44: Data to be sent to payment gateway : Array
(
    [signature] => kz1UPdzODtTauXL0mKo1UG1aNcD18H4x+mvR+8qs+o4=
    [vads_action_mode] => INTERACTIVE
    [vads_amount] => 4500
    [vads_available_languages] => 
    [vads_capture_delay] => 
    [vads_ctx_mode] => TEST
    [vads_currency] => 978
    [vads_cust_address] => adresse
    [vads_cust_city] => Bab Ezzouar
    [vads_cust_country] => DZ
    [vads_cust_email] => cmshb09@gmail.com
    [vads_cust_first_name] => test1
    [vads_cust_id] => 258
    [vads_cust_last_name] => test2
    [vads_cust_phone] => 088854756
    [vads_cust_state] => Algiers
    [vads_cust_zip] => 16000
    [vads_order_id] => 1
    [vads_page_action] => PAYMENT
    [vads_payment_cards] => 
    [vads_payment_config] => MULTI:first=2250;count=3;period=30
    [vads_return_mode] => POST
    [vads_site_id] => 85966156
    [vads_trans_date] => 20190805140944
    [vads_trans_id] => 581840
    [vads_url_return] => http://f540bc54.ngrok.io/monsite/test2/example/return_payment.php
    [vads_validation_mode] => 
    [vads_version] => V2
)

2019-08-05 16:10:24: Action canceled (17).  Payment guarantee not applicable.
2019-08-05 16:10:24: RETURN URL PROCESS END.
2019-08-05 16:10:32: Generating payment form for order #1.
2019-08-05 16:10:32: Data to be sent to payment gateway : Array
(
    [signature] => xQexJsT1WsO8xZfJ7KY2rEVFxtPRB3K6hZU8Ob74YAI=
    [vads_action_mode] => INTERACTIVE
    [vads_amount] => 4500
    [vads_available_languages] => 
    [vads_capture_delay] => 
    [vads_ctx_mode] => TEST
    [vads_currency] => 978
    [vads_cust_address] => adresse
    [vads_cust_city] => Bab Ezzouar
    [vads_cust_country] => DZ
    [vads_cust_email] => cmshb09@gmail.com
    [vads_cust_first_name] => test1
    [vads_cust_id] => 258
    [vads_cust_last_name] => test2
    [vads_cust_phone] => 088854756
    [vads_cust_state] => Algiers
    [vads_cust_zip] => 16000
    [vads_order_id] => 1
    [vads_page_action] => PAYMENT
    [vads_payment_cards] => 
    [vads_payment_config] => MULTI:first=2250;count=3;period=30
    [vads_return_mode] => POST
    [vads_site_id] => 85966156
    [vads_trans_date] => 20190805141032
    [vads_trans_id] => 582327
    [vads_url_return] => http://f540bc54.ngrok.io/monsite/test2/example/return_payment.php
    [vads_validation_mode] => 
    [vads_version] => V2
)

2019-08-05 16:10:39: Action canceled (17).  Payment guarantee not applicable.
2019-08-05 16:10:39: RETURN URL PROCESS END.
2019-08-05 16:23:18: Generating payment form for order #1.
2019-08-05 16:23:18: Data to be sent to payment gateway : Array
(
    [signature] => 5qOcLjCENDtlYZH8u7ci0FFoOVchRjSoEnnvd8H04As=
    [vads_action_mode] => INTERACTIVE
    [vads_amount] => 4500
    [vads_available_languages] => 
    [vads_capture_delay] => 
    [vads_ctx_mode] => TEST
    [vads_currency] => 978
    [vads_cust_address] => adresse
    [vads_cust_city] => Bab Ezzouar
    [vads_cust_country] => DZ
    [vads_cust_email] => cmshb09@gmail.com
    [vads_cust_first_name] => test1
    [vads_cust_id] => 258
    [vads_cust_last_name] => test2
    [vads_cust_phone] => 088854756
    [vads_cust_state] => Algiers
    [vads_cust_zip] => 16000
    [vads_order_id] => 1
    [vads_page_action] => PAYMENT
    [vads_payment_cards] => 
    [vads_payment_config] => SINGLE
    [vads_return_mode] => POST
    [vads_site_id] => 85966156
    [vads_trans_date] => 20190805142318
    [vads_trans_id] => 589989
    [vads_url_return] => http://f540bc54.ngrok.io/monsite/test2/example/return_payment.php
    [vads_validation_mode] => 
    [vads_version] => V2
)

2019-08-05 16:23:41: Generating payment form for order #1.
2019-08-05 16:23:41: Data to be sent to payment gateway : Array
(
    [signature] => gWXVxlJWbqTCwlWZ5EwCPsW3dMwADaAYbk20pUgWPcY=
    [vads_action_mode] => INTERACTIVE
    [vads_amount] => 4500
    [vads_available_languages] => 
    [vads_capture_delay] => 
    [vads_ctx_mode] => TEST
    [vads_currency] => 978
    [vads_cust_address] => adresse
    [vads_cust_city] => Bab Ezzouar
    [vads_cust_country] => DZ
    [vads_cust_email] => cmshb09@gmail.com
    [vads_cust_first_name] => test1
    [vads_cust_id] => 258
    [vads_cust_last_name] => test2
    [vads_cust_phone] => 088854756
    [vads_cust_state] => Algiers
    [vads_cust_zip] => 16000
    [vads_order_id] => 1
    [vads_page_action] => PAYMENT
    [vads_payment_cards] => 
    [vads_payment_config] => SINGLE
    [vads_return_mode] => POST
    [vads_site_id] => 85966156
    [vads_trans_date] => 20190805142341
    [vads_trans_id] => 590211
    [vads_url_return] => http://f540bc54.ngrok.io/monsite/test2/example/return_payment.php
    [vads_validation_mode] => 
    [vads_version] => V2
)

2019-08-05 16:23:51: Generating payment form for order #1.
2019-08-05 16:23:51: Data to be sent to payment gateway : Array
(
    [signature] => N9zw16NAoFLlQUKsb+PUDqtoebhT/FOA5emhrY6c1Sk=
    [vads_action_mode] => INTERACTIVE
    [vads_amount] => 4500
    [vads_available_languages] => 
    [vads_capture_delay] => 
    [vads_ctx_mode] => TEST
    [vads_currency] => 978
    [vads_cust_address] => adresse
    [vads_cust_city] => Bab Ezzouar
    [vads_cust_country] => DZ
    [vads_cust_email] => cmshb09@gmail.com
    [vads_cust_first_name] => test1
    [vads_cust_id] => 258
    [vads_cust_last_name] => test2
    [vads_cust_phone] => 088854756
    [vads_cust_state] => Algiers
    [vads_cust_zip] => 16000
    [vads_order_id] => 1
    [vads_page_action] => PAYMENT
    [vads_payment_cards] => 
    [vads_payment_config] => MULTI:first=2250;count=3;period=30
    [vads_return_mode] => POST
    [vads_site_id] => 85966156
    [vads_trans_date] => 20190805142351
    [vads_trans_id] => 590319
    [vads_url_return] => http://f540bc54.ngrok.io/monsite/test2/example/return_payment.php
    [vads_validation_mode] => 
    [vads_version] => V2
)

2019-08-05 16:23:58: Action canceled (17).  Payment guarantee not applicable.
2019-08-05 16:23:58: RETURN URL PROCESS END.
2019-08-05 16:25:35: Generating payment form for order #1.
2019-08-05 16:25:35: Data to be sent to payment gateway : Array
(
    [signature] => nt+Qr8yvEAaeXk6IeLrBiKxB37bRyiHRwmEwzxi6S5Y=
    [vads_action_mode] => IFRAME
    [vads_amount] => 4500
    [vads_available_languages] => 
    [vads_capture_delay] => 
    [vads_ctx_mode] => TEST
    [vads_currency] => 978
    [vads_cust_address] => adresse
    [vads_cust_city] => Bab Ezzouar
    [vads_cust_country] => DZ
    [vads_cust_email] => cmshb09@gmail.com
    [vads_cust_first_name] => test1
    [vads_cust_id] => 258
    [vads_cust_last_name] => test2
    [vads_cust_phone] => 088854756
    [vads_cust_state] => Algiers
    [vads_cust_zip] => 16000
    [vads_order_id] => 1
    [vads_page_action] => PAYMENT
    [vads_payment_cards] => 
    [vads_payment_config] => SINGLE
    [vads_return_mode] => POST
    [vads_site_id] => 85966156
    [vads_trans_date] => 20190805142535
    [vads_trans_id] => 591358
    [vads_url_return] => http://f540bc54.ngrok.io/monsite/test2/example/return_payment.php
    [vads_validation_mode] => 
    [vads_version] => V2
)

2019-08-05 16:25:35: Generating payment form for order #1.
2019-08-05 16:25:35: Data to be sent to payment gateway : Array
(
    [signature] => nt+Qr8yvEAaeXk6IeLrBiKxB37bRyiHRwmEwzxi6S5Y=
    [vads_action_mode] => IFRAME
    [vads_amount] => 4500
    [vads_available_languages] => 
    [vads_capture_delay] => 
    [vads_ctx_mode] => TEST
    [vads_currency] => 978
    [vads_cust_address] => adresse
    [vads_cust_city] => Bab Ezzouar
    [vads_cust_country] => DZ
    [vads_cust_email] => cmshb09@gmail.com
    [vads_cust_first_name] => test1
    [vads_cust_id] => 258
    [vads_cust_last_name] => test2
    [vads_cust_phone] => 088854756
    [vads_cust_state] => Algiers
    [vads_cust_zip] => 16000
    [vads_order_id] => 1
    [vads_page_action] => PAYMENT
    [vads_payment_cards] => 
    [vads_payment_config] => SINGLE
    [vads_return_mode] => POST
    [vads_site_id] => 85966156
    [vads_trans_date] => 20190805142535
    [vads_trans_id] => 591358
    [vads_url_return] => http://f540bc54.ngrok.io/monsite/test2/example/return_payment.php
    [vads_validation_mode] => 
    [vads_version] => V2
)

2019-08-05 16:28:32: Generating payment form for order #1.
2019-08-05 16:28:32: Data to be sent to payment gateway : Array
(
    [signature] => 9ah5wCKJ7F7piRKDtAHlKTSfxt/fwjt+WaMQ2OXP7UY=
    [vads_action_mode] => IFRAME
    [vads_amount] => 4500
    [vads_available_languages] => 
    [vads_capture_delay] => 
    [vads_ctx_mode] => TEST
    [vads_currency] => 978
    [vads_cust_address] => adresse
    [vads_cust_city] => Bab Ezzouar
    [vads_cust_country] => DZ
    [vads_cust_email] => cmshb09@gmail.com
    [vads_cust_first_name] => test1
    [vads_cust_id] => 258
    [vads_cust_last_name] => test2
    [vads_cust_phone] => 088854756
    [vads_cust_state] => Algiers
    [vads_cust_zip] => 16000
    [vads_order_id] => 1
    [vads_page_action] => PAYMENT
    [vads_payment_cards] => 
    [vads_payment_config] => SINGLE
    [vads_return_mode] => POST
    [vads_site_id] => 85966156
    [vads_trans_date] => 20190805142832
    [vads_trans_id] => 593121
    [vads_url_return] => http://f540bc54.ngrok.io/monsite/test2/example/return_payment.php
    [vads_validation_mode] => 
    [vads_version] => V2
)

2019-08-05 16:28:32: Generating payment form for order #1.
2019-08-05 16:28:32: Data to be sent to payment gateway : Array
(
    [signature] => 9ah5wCKJ7F7piRKDtAHlKTSfxt/fwjt+WaMQ2OXP7UY=
    [vads_action_mode] => IFRAME
    [vads_amount] => 4500
    [vads_available_languages] => 
    [vads_capture_delay] => 
    [vads_ctx_mode] => TEST
    [vads_currency] => 978
    [vads_cust_address] => adresse
    [vads_cust_city] => Bab Ezzouar
    [vads_cust_country] => DZ
    [vads_cust_email] => cmshb09@gmail.com
    [vads_cust_first_name] => test1
    [vads_cust_id] => 258
    [vads_cust_last_name] => test2
    [vads_cust_phone] => 088854756
    [vads_cust_state] => Algiers
    [vads_cust_zip] => 16000
    [vads_order_id] => 1
    [vads_page_action] => PAYMENT
    [vads_payment_cards] => 
    [vads_payment_config] => SINGLE
    [vads_return_mode] => POST
    [vads_site_id] => 85966156
    [vads_trans_date] => 20190805142832
    [vads_trans_id] => 593121
    [vads_url_return] => http://f540bc54.ngrok.io/monsite/test2/example/return_payment.php
    [vads_validation_mode] => 
    [vads_version] => V2
)

2019-08-05 16:28:52: Generating payment form for order #1.
2019-08-05 16:28:52: Data to be sent to payment gateway : Array
(
    [signature] => uw8lAakqWfPxN4agRJCuYg+f7RutlaYScVBvuocw7fQ=
    [vads_action_mode] => IFRAME
    [vads_amount] => 4500
    [vads_available_languages] => 
    [vads_capture_delay] => 
    [vads_ctx_mode] => TEST
    [vads_currency] => 978
    [vads_cust_address] => adresse
    [vads_cust_city] => Bab Ezzouar
    [vads_cust_country] => DZ
    [vads_cust_email] => cmshb09@gmail.com
    [vads_cust_first_name] => test1
    [vads_cust_id] => 258
    [vads_cust_last_name] => test2
    [vads_cust_phone] => 088854756
    [vads_cust_state] => Algiers
    [vads_cust_zip] => 16000
    [vads_order_id] => 1
    [vads_page_action] => PAYMENT
    [vads_payment_cards] => 
    [vads_payment_config] => SINGLE
    [vads_return_mode] => POST
    [vads_site_id] => 85966156
    [vads_trans_date] => 20190805142852
    [vads_trans_id] => 593322
    [vads_url_return] => http://f540bc54.ngrok.io/monsite/test2/example/return_payment.php
    [vads_validation_mode] => 
    [vads_version] => V2
)

2019-08-05 16:28:52: Generating payment form for order #1.
2019-08-05 16:28:52: Data to be sent to payment gateway : Array
(
    [signature] => uw8lAakqWfPxN4agRJCuYg+f7RutlaYScVBvuocw7fQ=
    [vads_action_mode] => IFRAME
    [vads_amount] => 4500
    [vads_available_languages] => 
    [vads_capture_delay] => 
    [vads_ctx_mode] => TEST
    [vads_currency] => 978
    [vads_cust_address] => adresse
    [vads_cust_city] => Bab Ezzouar
    [vads_cust_country] => DZ
    [vads_cust_email] => cmshb09@gmail.com
    [vads_cust_first_name] => test1
    [vads_cust_id] => 258
    [vads_cust_last_name] => test2
    [vads_cust_phone] => 088854756
    [vads_cust_state] => Algiers
    [vads_cust_zip] => 16000
    [vads_order_id] => 1
    [vads_page_action] => PAYMENT
    [vads_payment_cards] => 
    [vads_payment_config] => SINGLE
    [vads_return_mode] => POST
    [vads_site_id] => 85966156
    [vads_trans_date] => 20190805142852
    [vads_trans_id] => 593322
    [vads_url_return] => http://f540bc54.ngrok.io/monsite/test2/example/return_payment.php
    [vads_validation_mode] => 
    [vads_version] => V2
)

2019-08-05 16:30:20: Generating payment form for order #1.
2019-08-05 16:30:20: Data to be sent to payment gateway : Array
(
    [signature] => 5yLDZ1aKKUqDJqD4o03Tailrvwv19o0WNCYGa1qfL8Y=
    [vads_action_mode] => IFRAME
    [vads_amount] => 4500
    [vads_available_languages] => 
    [vads_capture_delay] => 
    [vads_ctx_mode] => TEST
    [vads_currency] => 978
    [vads_cust_address] => adresse
    [vads_cust_city] => Bab Ezzouar
    [vads_cust_country] => DZ
    [vads_cust_email] => cmshb09@gmail.com
    [vads_cust_first_name] => test1
    [vads_cust_id] => 258
    [vads_cust_last_name] => test2
    [vads_cust_phone] => 088854756
    [vads_cust_state] => Algiers
    [vads_cust_zip] => 16000
    [vads_order_id] => 1
    [vads_page_action] => PAYMENT
    [vads_payment_cards] => 
    [vads_payment_config] => SINGLE
    [vads_return_mode] => POST
    [vads_site_id] => 85966156
    [vads_trans_date] => 20190805143020
    [vads_trans_id] => 594208
    [vads_url_return] => http://f540bc54.ngrok.io/monsite/test2/example/return_payment.php
    [vads_validation_mode] => 
    [vads_version] => V2
)

2019-08-05 16:32:58: Generating payment form for order #1.
2019-08-05 16:32:58: Data to be sent to payment gateway : Array
(
    [signature] => DOuTMvb8YzjEjwOTdCQvT2lav5W0FFKqTFNujwHUyOs=
    [vads_action_mode] => IFRAME
    [vads_amount] => 4500
    [vads_available_languages] => 
    [vads_capture_delay] => 
    [vads_ctx_mode] => TEST
    [vads_currency] => 978
    [vads_cust_address] => adresse
    [vads_cust_city] => Bab Ezzouar
    [vads_cust_country] => DZ
    [vads_cust_email] => cmshb09@gmail.com
    [vads_cust_first_name] => test1
    [vads_cust_id] => 258
    [vads_cust_last_name] => test2
    [vads_cust_phone] => 088854756
    [vads_cust_state] => Algiers
    [vads_cust_zip] => 16000
    [vads_order_id] => 1
    [vads_page_action] => PAYMENT
    [vads_payment_cards] => 
    [vads_payment_config] => SINGLE
    [vads_return_mode] => POST
    [vads_site_id] => 85966156
    [vads_trans_date] => 20190805143258
    [vads_trans_id] => 595785
    [vads_url_return] => http://f540bc54.ngrok.io/monsite/test2/example/return_payment.php
    [vads_validation_mode] => 
    [vads_version] => V2
)

2019-08-05 16:33:20: Action successfully completed (00). Approved or successfully processed transaction (00). The payment is guaranteed (YES).
2019-08-05 16:33:20: IPN URL PROCESS END.
2019-08-05 16:41:02: Generating payment form for order #1.
2019-08-05 16:41:02: Data to be sent to payment gateway : Array
(
    [signature] => VEelSN5Ftp5UQDYBU+f3tvrpmnIp6hszwybTo2tU9ps=
    [vads_action_mode] => IFRAME
    [vads_amount] => 4500
    [vads_available_languages] => 
    [vads_capture_delay] => 
    [vads_ctx_mode] => TEST
    [vads_currency] => 978
    [vads_cust_address] => adresse
    [vads_cust_city] => Bab Ezzouar
    [vads_cust_country] => DZ
    [vads_cust_email] => cmshb09@gmail.com
    [vads_cust_first_name] => test1
    [vads_cust_id] => 258
    [vads_cust_last_name] => test2
    [vads_cust_phone] => 088854756
    [vads_cust_state] => Algiers
    [vads_cust_zip] => 16000
    [vads_order_id] => 1
    [vads_page_action] => PAYMENT
    [vads_payment_cards] => 
    [vads_payment_config] => SINGLE
    [vads_return_mode] => POST
    [vads_site_id] => 85966156
    [vads_trans_date] => 20190805144102
    [vads_trans_id] => 600622
    [vads_url_return] => http://f540bc54.ngrok.io/monsite/test2/example/return_payment.php
    [vads_validation_mode] => 
    [vads_version] => V2
)

2019-08-05 16:41:21: Action successfully completed (00). Approved or successfully processed transaction (00). The payment is guaranteed (YES).
2019-08-05 16:41:21: IPN URL PROCESS END.
2019-08-05 16:42:06: Generating payment form for order #1.
2019-08-05 16:42:06: Data to be sent to payment gateway : Array
(
    [signature] => hiAjwE9F9fii/KL0bNpRLOIeTHXVAmfzjUpj6xUHXZs=
    [vads_action_mode] => IFRAME
    [vads_amount] => 4500
    [vads_available_languages] => 
    [vads_capture_delay] => 
    [vads_ctx_mode] => TEST
    [vads_currency] => 978
    [vads_cust_address] => adresse
    [vads_cust_city] => Bab Ezzouar
    [vads_cust_country] => DZ
    [vads_cust_email] => cmshb09@gmail.com
    [vads_cust_first_name] => test1
    [vads_cust_id] => 258
    [vads_cust_last_name] => test2
    [vads_cust_phone] => 088854756
    [vads_cust_state] => Algiers
    [vads_cust_zip] => 16000
    [vads_order_id] => 1
    [vads_page_action] => PAYMENT
    [vads_payment_cards] => 
    [vads_payment_config] => SINGLE
    [vads_return_mode] => POST
    [vads_site_id] => 85966156
    [vads_trans_date] => 20190805144206
    [vads_trans_id] => 601260
    [vads_url_return] => http://f540bc54.ngrok.io/monsite/test2/example/return_payment.php
    [vads_validation_mode] => 
    [vads_version] => V2
)

2019-08-05 16:42:55: Action successfully completed (00). Approved or successfully processed transaction (00). The payment is guaranteed (YES).
2019-08-05 16:42:55: IPN URL PROCESS END.
2019-08-05 16:43:02: Action successfully completed (00). Approved or successfully processed transaction (00). The payment is guaranteed (YES).
2019-08-05 16:43:02: IPN URL PROCESS END.
2019-08-05 16:46:26: Generating payment form for order #1.
2019-08-05 16:46:26: Data to be sent to payment gateway : Array
(
    [signature] => VVX3FnOvHxJxRdszY40Y9QYxUb1981kVbLioT1cvJY0=
    [vads_action_mode] => IFRAME
    [vads_amount] => 4500
    [vads_available_languages] => 
    [vads_capture_delay] => 
    [vads_ctx_mode] => TEST
    [vads_currency] => 978
    [vads_cust_address] => adresse
    [vads_cust_city] => Bab Ezzouar
    [vads_cust_country] => DZ
    [vads_cust_email] => cmshb09@gmail.com
    [vads_cust_first_name] => test1
    [vads_cust_id] => 258
    [vads_cust_last_name] => test2
    [vads_cust_phone] => 088854756
    [vads_cust_state] => Algiers
    [vads_cust_zip] => 16000
    [vads_order_id] => 1
    [vads_page_action] => PAYMENT
    [vads_payment_cards] => 
    [vads_payment_config] => SINGLE
    [vads_return_mode] => POST
    [vads_site_id] => 85966156
    [vads_trans_date] => 20190805144626
    [vads_trans_id] => 603866
    [vads_url_return] => http://f540bc54.ngrok.io/monsite/test2/example/return_payment.php
    [vads_validation_mode] => 
    [vads_version] => V2
)

2019-08-05 16:46:30: Generating payment form for order #1.
2019-08-05 16:46:30: Data to be sent to payment gateway : Array
(
    [signature] => UmbzM715VQu6lBkcucwVOJ0pXwNg+2N1PROtf8loVrg=
    [vads_action_mode] => IFRAME
    [vads_amount] => 4500
    [vads_available_languages] => 
    [vads_capture_delay] => 
    [vads_ctx_mode] => TEST
    [vads_currency] => 978
    [vads_cust_address] => adresse
    [vads_cust_city] => Bab Ezzouar
    [vads_cust_country] => DZ
    [vads_cust_email] => cmshb09@gmail.com
    [vads_cust_first_name] => test1
    [vads_cust_id] => 258
    [vads_cust_last_name] => test2
    [vads_cust_phone] => 088854756
    [vads_cust_state] => Algiers
    [vads_cust_zip] => 16000
    [vads_order_id] => 1
    [vads_page_action] => PAYMENT
    [vads_payment_cards] => 
    [vads_payment_config] => SINGLE
    [vads_return_mode] => POST
    [vads_site_id] => 85966156
    [vads_trans_date] => 20190805144630
    [vads_trans_id] => 603905
    [vads_url_return] => http://f540bc54.ngrok.io/monsite/test2/example/return_payment.php
    [vads_validation_mode] => 
    [vads_version] => V2
)

2019-08-05 16:48:46: Generating payment form for order #1.
2019-08-05 16:48:46: Data to be sent to payment gateway : Array
(
    [signature] => Od+B9Fr4bJAFMGsIwFZNcshB/RM0J//T3QSSU/bdahM=
    [vads_action_mode] => IFRAME
    [vads_amount] => 4500
    [vads_available_languages] => 
    [vads_capture_delay] => 
    [vads_ctx_mode] => TEST
    [vads_currency] => 978
    [vads_cust_address] => adresse
    [vads_cust_city] => Bab Ezzouar
    [vads_cust_country] => DZ
    [vads_cust_email] => cmshb09@gmail.com
    [vads_cust_first_name] => test1
    [vads_cust_id] => 258
    [vads_cust_last_name] => test2
    [vads_cust_phone] => 088854756
    [vads_cust_state] => Algiers
    [vads_cust_zip] => 16000
    [vads_order_id] => 1
    [vads_page_action] => PAYMENT
    [vads_payment_cards] => 
    [vads_payment_config] => SINGLE
    [vads_return_mode] => POST
    [vads_site_id] => 85966156
    [vads_trans_date] => 20190805144846
    [vads_trans_id] => 605262
    [vads_url_return] => http://f540bc54.ngrok.io/monsite/test2/example/return_payment.php
    [vads_validation_mode] => 
    [vads_version] => V2
)

2019-08-05 17:08:01: Generating payment form for order #1.
2019-08-05 17:08:01: Data to be sent to payment gateway : Array
(
    [signature] => MPe4K6/vZ9U2W02a8z9JZ/9ytc5jOSUXZbybsyjW77o=
    [vads_action_mode] => IFRAME
    [vads_amount] => 4500
    [vads_available_languages] => 
    [vads_capture_delay] => 
    [vads_ctx_mode] => TEST
    [vads_currency] => 978
    [vads_cust_address] => adresse
    [vads_cust_city] => Bab Ezzouar
    [vads_cust_country] => DZ
    [vads_cust_email] => cmshb09@gmail.com
    [vads_cust_first_name] => test1
    [vads_cust_id] => 258
    [vads_cust_last_name] => test2
    [vads_cust_phone] => 088854756
    [vads_cust_state] => Algiers
    [vads_cust_zip] => 16000
    [vads_order_id] => 1
    [vads_page_action] => PAYMENT
    [vads_payment_cards] => 
    [vads_payment_config] => SINGLE
    [vads_return_mode] => POST
    [vads_site_id] => 85966156
    [vads_trans_date] => 20190805150801
    [vads_trans_id] => 616813
    [vads_url_return] => http://f540bc54.ngrok.io/monsite/test2/example/return_payment.php
    [vads_validation_mode] => 
    [vads_version] => V2
)

2019-08-05 17:13:05: Generating payment form for order #1.
2019-08-05 17:13:05: Data to be sent to payment gateway : Array
(
    [signature] => Kd7DEghHYqVlUlqYSrf1vfyxl8xh9O/wUJ2tCFOUFd8=
    [vads_action_mode] => IFRAME
    [vads_amount] => 4500
    [vads_available_languages] => 
    [vads_capture_delay] => 
    [vads_ctx_mode] => TEST
    [vads_currency] => 978
    [vads_cust_address] => adresse
    [vads_cust_city] => Bab Ezzouar
    [vads_cust_country] => DZ
    [vads_cust_email] => cmshb09@gmail.com
    [vads_cust_first_name] => test1
    [vads_cust_id] => 258
    [vads_cust_last_name] => test2
    [vads_cust_phone] => 088854756
    [vads_cust_state] => Algiers
    [vads_cust_zip] => 16000
    [vads_order_id] => 1
    [vads_page_action] => PAYMENT
    [vads_payment_cards] => 
    [vads_payment_config] => SINGLE
    [vads_redirect_error_message] => 
    [vads_redirect_error_timeout] => 0
    [vads_redirect_success_message] => 
    [vads_redirect_success_timeout] => 0
    [vads_return_mode] => POST
    [vads_site_id] => 85966156
    [vads_theme_config] => 3DS_LOGOS=false;
    [vads_trans_date] => 20190805151305
    [vads_trans_id] => 619851
    [vads_url_return] => http://f540bc54.ngrok.io/monsite/test2/example/return_payment.php?content_only=1
    [vads_validation_mode] => 
    [vads_version] => V2
)

2019-08-05 17:13:21: Action successfully completed (00). Approved or successfully processed transaction (00). The payment is guaranteed (YES).
2019-08-05 17:13:21: IPN URL PROCESS END.
2019-08-05 17:13:22: Action successfully completed (00). Approved or successfully processed transaction (00). The payment is guaranteed (YES).
2019-08-05 17:13:22: RETURN URL PROCESS END.
2019-08-05 17:19:03: Generating payment form for order #1.
2019-08-05 17:19:03: Data to be sent to payment gateway : Array
(
    [signature] => 48HKe/2MknyuBrdTWyFhua4zBFMX06W6eLhmL5kjk1I=
    [vads_action_mode] => IFRAME
    [vads_amount] => 4500
    [vads_available_languages] => 
    [vads_capture_delay] => 
    [vads_ctx_mode] => TEST
    [vads_currency] => 978
    [vads_cust_address] => adresse
    [vads_cust_city] => Bab Ezzouar
    [vads_cust_country] => DZ
    [vads_cust_email] => cmshb09@gmail.com
    [vads_cust_first_name] => test1
    [vads_cust_id] => 258
    [vads_cust_last_name] => test2
    [vads_cust_phone] => 088854756
    [vads_cust_state] => Algiers
    [vads_cust_zip] => 16000
    [vads_order_id] => 1
    [vads_page_action] => PAYMENT
    [vads_payment_cards] => 
    [vads_payment_config] => SINGLE
    [vads_redirect_error_message] => 
    [vads_redirect_error_timeout] => 0
    [vads_redirect_success_message] => 
    [vads_redirect_success_timeout] => 0
    [vads_return_mode] => POST
    [vads_site_id] => 85966156
    [vads_theme_config] => 3DS_LOGOS=false;
    [vads_trans_date] => 20190805151903
    [vads_trans_id] => 623433
    [vads_url_return] => http://f540bc54.ngrok.io/monsite/test2/example/return_payment.php?content_only=1
    [vads_validation_mode] => 
    [vads_version] => V2
)

2019-08-05 17:19:16: Action successfully completed (00). Approved or successfully processed transaction (00). The payment is guaranteed (YES).
2019-08-05 17:19:16: IPN URL PROCESS END.
2019-08-05 17:19:16: Action successfully completed (00). Approved or successfully processed transaction (00). The payment is guaranteed (YES).
2019-08-05 17:19:16: RETURN URL PROCESS END.
2019-08-06 12:01:23: Action rejected (05).  Payment guarantee not applicable.
2019-08-06 12:01:23: IPN URL PROCESS END.
2019-08-06 12:01:42: Action successfully completed (00). Approved or successfully processed transaction (00). The payment is guaranteed (YES).
2019-08-06 12:01:42: IPN URL PROCESS END.
2019-08-06 12:02:52: Action successfully completed (00). Approved or successfully processed transaction (00). The payment is guaranteed (YES).
2019-08-06 12:02:52: IPN URL PROCESS END.
